make.exe all --print-data-base --no-builtin-variables --no-builtin-rules --question
# GNU Make 3.82.90
# Built for i686-pc-mingw32
# Copyright (C) 1988-2012 Free Software Foundation, Inc.
# License GPLv3+: GNU GPL version 3 or later <http://gnu.org/licenses/gpl.html>
# This is free software: you are free to change and redistribute it.
# There is NO WARRANTY, to the extent permitted by law.
 

 

# Make data base, printed on Thu May 26 02:42:02 2022

# Variables

# automatic
<D = $(patsubst %/,%,$(patsubst %\,%,$(dir $<)))
# automatic
?F = $(notdir $?)
# default
.SHELLFLAGS := -c
# makefile
MAKEFLAGS = Rrqp
# environment
VSCODE_LOG_NATIVE = false
# automatic
?D = $(patsubst %/,%,$(patsubst %\,%,$(dir $?)))
# automatic
@D = $(patsubst %/,%,$(patsubst %\,%,$(dir $@)))
# environment
HOMEDRIVE = C:
# automatic
@F = $(notdir $@)
# automatic
^D = $(patsubst %/,%,$(patsubst %\,%,$(dir $^)))
# makefile
CURDIR := d:/Projects/Github/wenwen357951/upTalk
# default
SHELL := sh.exe
# environment
WINDIR = C:\Windows
# environment
VSCODE_NLS_CONFIG = {"locale":"zh-tw","availableLanguages":{"*":"zh-tw"},"_languagePackId":"50a216cf84c622b1d20f706e15b82d72.zh-tw","_translationsConfigFile":"C:\\Users\\wenwe\\AppData\\Roaming\\Code\\clp\\50a216cf84c622b1d20f706e15b82d72.zh-tw\\tcf.json","_cacheRoot":"C:\\Users\\wenwe\\AppData\\Roaming\\Code\\clp\\50a216cf84c622b1d20f706e15b82d72.zh-tw","_resolvedLanguagePackCoreLocation" 
:"C:\\Users\\wenwe\\AppData\\Roaming\\Code\\clp\\50a216cf84c622b1d20f706e15b82d72.zh-tw\\c3511e6c69bb39013c4a4b7b9566ec1ca73fc4d5","_corruptedFile":"C:\\Users\\wenwe\\AppData\\Roaming\\Code\\clp\\50a216cf84c622b1d20f706e15b82d72.zh-tw\\corrupted.info","_languagePackSupport":true}
# environment
ONEDRIVE = C:\Users\wenwe\OneDrive
# environment
PATHEXT = .COM;.EXE;.BAT;.CMD;.VBS;.VBE;.JS;.JSE;.WSF;.WSH;.MSC
# makefile (from 'makefile', line 1)
MAKEFILE_LIST :=  makefile
# environment
TMP = C:\Users\wenwe\AppData\Local\Temp
# environment
VSCODE_VERBOSE_LOGGING = true
# environment
PROGRAMW6432 = C:\Program Files
# environment
PROGRAMDATA = C:\ProgramData
# environment
VSCODE_IPC_HOOK_EXTHOST = \\.\pipe\vscode-ipc-16f43614-3d8e-4d02-ad46-d7df209fbb25-sock
# environment
VSCODE_CWD = C:\Users\wenwe\AppData\Local\Programs\Microsoft VS Code
# environment
PATH = C:\Program Files\Common Files\Oracle\Java\javapath;C:\Windows\system32;C:\Windows;C:\Windows\System32\Wbem;C:\Windows\System32\WindowsPowerShell\v1.0\;C:\Windows\System32\OpenSSH\;C:\Program Files\NVIDIA Corporation\NVIDIA NvDLISR;C:\Program Files (x86)\NVIDIA Corporation\PhysX\Common;C:\ProgramData\chocolatey\bin;D:\Applications\Git\cmd;C:\Program Files\Docker\Docker\resources\bin;C:\ProgramData\DockerDesktop\version-bin;D:\Applications\Development\MinGW\bin;C:\Users\wenwe\AppData\Local\Microsoft\WindowsApps;C:\Users\wenwe\AppData\Local\Programs\Microsoft VS Code\bin;C:\Users\wenwe\AppData\Local\GitHubDesktop\bin
# environment
COMMONPROGRAMW6432 = C:\Program Files\Common Files
# environment
CHOCOLATEYLASTPATHUPDATE = 132979610481837657
# environment
PROCESSOR_ARCHITECTURE = x86
# environment
USERPROFILE = C:\Users\wenwe
# environment
CHOCOLATEYINSTALL = C:\ProgramData\chocolatey
# environment
ALLUSERSPROFILE = C:\ProgramData
# environment
VSCODE_LOG_STACK = false
# environment
NUMBER_OF_PROCESSORS = 6
# environment
ELECTRON_RUN_AS_NODE = 1
# default
.FEATURES := target-specific order-only second-expansion else-if shortest-stem undefine oneshell archives jobserver
# automatic
%F = $(notdir $%)
# environment
CHROME_CRASHPAD_PIPE_NAME = \\.\pipe\crashpad_19256_MNTLOXZUCDDKWEBM
# environment
VSCODE_PIPE_LOGGING = true
# environment
COMPUTERNAME = WENPC
# environment
PROGRAMFILES = C:\Program Files (x86)
# environment
DRIVERDATA = C:\Windows\System32\Drivers\DriverData
# environment
ORIGINAL_XDG_CURRENT_DESKTOP = undefined
# environment
USERNAME = wenwe
# environment
PUBLIC = C:\Users\Public
# environment
VSCODE_AMD_ENTRYPOINT = vs/workbench/api/node/extensionHostProcess
# environment
VSCODE_CODE_CACHE_PATH = C:\Users\wenwe\AppData\Roaming\Code\CachedData\c3511e6c69bb39013c4a4b7b9566ec1ca73fc4d5
# environment
APPLICATION_INSIGHTS_NO_DIAGNOSTIC_CHANNEL = 1
# environment
COMMONPROGRAMFILES = C:\Program Files (x86)\Common Files
# environment
LOGONSERVER = \\WENPC
# environment
ONEDRIVECONSUMER = C:\Users\wenwe\OneDrive
# environment
VSCODE_HANDLES_UNCAUGHT_ERRORS = true
# environment
USERDOMAIN = WENPC
# environment
MAKELEVEL := 0
# default
MAKE = $(MAKE_COMMAND)
# default
MAKECMDGOALS := all
# default
MAKE_VERSION := 3.82.90
# makefile (from 'makefile', line 2)
.DEFAULT_GOAL := help
# environment
PROGRAMFILES(X86) = C:\Program Files (x86)
# automatic
%D = $(patsubst %/,%,$(patsubst %\,%,$(dir $%)))
# environment
LOCALAPPDATA = C:\Users\wenwe\AppData\Local
# environment
PSMODULEPATH = C:\Program Files\WindowsPowerShell\Modules;C:\Windows\system32\WindowsPowerShell\v1.0\Modules
# default
MAKE_COMMAND := make.exe
# environment
PROCESSOR_ARCHITEW6432 = AMD64
# default
.VARIABLES := 
# automatic
*F = $(notdir $*)
# environment
PROCESSOR_IDENTIFIER = Intel64 Family 6 Model 158 Stepping 10, GenuineIntel
# environment
OS = Windows_NT
# environment
VSCODE_IPC_HOOK = \\.\pipe\35a04cdd4e494c638c799779d09ff8d4-1.67.2-main-sock
# environment
HOMEPATH = \Users\wenwe
# environment
COMMONPROGRAMFILES(X86) = C:\Program Files (x86)\Common Files
# environment
PROMPT = $P$G
# environment
MFLAGS = -Rrqp
# automatic
*D = $(patsubst %/,%,$(patsubst %\,%,$(dir $*)))
# environment
SYSTEMROOT = C:\Window 
s
# automatic
+D = $(patsubst %/,%,$(patsubst %\,%,$(dir $+)))
# automatic
+F = $(notdir $+)
# environment
APPDATA = C:\Users\wenwe\AppData\Roaming
# environment
TEMP = C:\Users\wenwe\AppData\Local\Temp
# environment
COMSPEC = C:\Windows\system32\cmd.exe
# default
MAKEFILES := 
# automatic
<F = $(notdir $<)
# environment
LC_ALL = C
# automatic
^F = $(notdir $^)
# default
SUFFIXES := 
# environment
SYSTEMDRIVE = C:
# environment
SESSIONNAME = Console
# environment
PROCESSOR_REVISION = 9e0a
# default
.RECIPEPREFIX := 
# environment
LANG = C
# environment
PROCESSOR_LEVEL = 6
# environment
VSCODE_PID = 19256
# environment
USERDOMAIN_ROAMINGPROFILE = WENPC
# variable set hash-table stats:
# Load=91/1024=9%, Rehash=0, Collisions=11/111=10%

# Pattern-specific Variable Values

# No pattern-specific variable values.

# Directories

# C:\ProgramData\DockerDesktop\version-bin: could not be stat'd.
# C:\Program Files\NVIDIA Corporation\NVIDIA NvDLISR (key C:/Program Files/NVIDIA Corporation/NVIDIA NvDLISR, mtime 1653486230): 5 files, no impossibilities.
# C:\Windows\System32\WindowsPowerShell\v1.0\ (key C:/Windows/System32/WindowsPowerShell/v1.0/, mtime 1653481029): 32 files, no impossibilities.
# . (key d:/Projects/Github/wenwen357951/upTalk, mtime 1653504121): 14 files, no impossibilities.
# C:\Program Files\Docker\Docker\resources\bin (key C:/Program Files/Docker/Docker/resources/bin, mtime 1653490273): 13 files, no impossibilities.
# C:\Windows\System32\OpenSSH\: could not be stat'd.
# C:\Users\wenwe\AppData\Local\Pro 
grams\Microsoft VS Code\bin (key C:/Users/wenwe/AppData/Local/Programs/Microsoft VS Code/bin, mtime 1653486906): 4 files, no impossibilities.
# C:\Program Files (x86)\NVIDIA Corporation\PhysX\Common (key C:/Program Files (x86)/NVIDIA Corporation/PhysX/Common, mtime 1653486511): 10 files, no impossibilities.
# D:\Applications\Development\MinGW\bin (key D:/Applications/Development/MinGW/bin, mtime 1653504065): 128 files, no impossibilities.
# C:\ProgramData\chocolatey\bin (key C:/ProgramData/chocolatey/bin, mtime 1653487585): 13 files, no impossibilities.
# C:\Windows (key C:/Windows, mtime 1653501801): 113 files, no impossibilities.
# D:\Applications\Git\cmd (key D:/Applications/Git/cmd, mtime 1653488031): 8 files, no impossibilities.
# C:\Users\wenwe\AppData\Local\Microsoft\WindowsApps (key C:/Users/wenwe/AppData/Local/Microsoft/WindowsApps, mtime 1653491195): 31 files, no impossibilities.
# C:\Windows\System32\Wbem (key C:/Windows/System32/Wbem, mtime 1653491601): 172 files, no impossibilities.
# C:\Users\we 
nwe\AppData\Local\GitHubDesktop\bin (key C:/Users/wenwe/AppData/Local/GitHubDesktop/bin, mtime 1653490259): 4 files, no impossibilities.
# C:\Program Files\Common Files\Oracle\Java\javapath (key C:/Program Files/Common Files/Oracle/Java/javapath, mtime 1653488786): 6 files, no impossibilities.
# C:\Windows\system32 (key C:/Windows/system32, mtime 1653501831): 3018 files, no impossibilities.

# 3571 files, no impossibilities in 17 directories.

# Implicit Rules

# No implicit rules.

# Files

# Not a target:
all:
#  Command line target.
#  Implicit rule search has been done.
#  File does not exist.
#  File has not been updated.

.PHONY: help
#  Implicit rule search has not been done.
#  Modification time never checked.
#  File has not been updated.

# Not a target:
.SUFFIXES:
#  Implicit rule search has not been done.
#  Modification time never checked.
#  File has not been updated.

rebuild:
#  Implicit rule search has not been done.
#  Modification time never checked.
#  File has not been updated.
#  recipe to execute (from 'makefile', line 14):
	docker run -p 66666:5432 -e POSTGRES_PASSWORD=123456 -e POSTGRES_USER=postgres --name sql_for_build postgres:14-alpine

# Not a target:
makefile:
#  Implicit rule search has been done.
#  Last modified 2022-05-26 02:34:45
#  File has been updated.
#  Successfully updated.

help:
#  Phony target (prerequisite of .PHONY).
#  Implicit rule search has not been done.
#  File does not exist.
#  File has not been updated.
#  recipe to execute (from 'makefile', line 8):
	@awk 'BEGIN {FS = ":.*?## "} /^[a-zA-Z_-]+:.*?## / {printf "\033[36m%-30s\033[0m %s\n", $$1, $$2}' $(MAKEFILE_LIST)

# Not a target:
.DEFAULT:
#  Implicit rule search has not been done.
#  Modification time never checked.
#  File has not been updated.

# files hash-table stats:
# Load=7/1024=1%, Rehash=0, Collisions=0/19=0%
# VPATH Search Paths

# No 'vpath' search paths.

# No general ('VPATH' variable) search path.

# strcache buffers: 7 (6) / strings = 3543 / storage = 53755 B / avg = 15 B
# current buf: siz 
make.exe: *** No rule to make target 'all'.  Stop.

e = 8174 B / used = 4765 B / count = 295 / avg = 16 B
# other used: total = 45581 B / count = 3248 / avg = 14 B
# other free: total = 54 B / max = 14 B / min = 4 B / avg = 9 B

# strcache performance: lookups = 3600 / hit rate = 1%
# hash-table stats:
# Load=3543/8192=43%, Rehash=0, Collisions=1229/3600=34%
# Finished Make data base on Thu May 26 02:42:02 2022

 
